[2017/07/07 14:49:50] [ERROR] Email params are empty.
[2017/07/07 14:49:50] [ERROR] To and cc recipient are empty.
[2017/07/07 14:49:50] [ERROR] No from.
[2017/07/07 14:49:50] [ERROR] To recipient is not array or string.
[2017/07/07 14:49:50] [ERROR] Cc recipient is not array or string.
[2017/07/07 14:49:50] [ERROR] Bcc recipient is not array or string.
[2017/07/07 14:49:50] [ERROR] To recipient is not array or string.
[2017/07/07 14:49:50] [ERROR] Cc recipient is not array or string.
[2017/07/07 14:49:50] [ERROR] Bcc recipient is not array or string.
[2017/07/07 14:49:50] [ERROR] Host or port is empty
[2017/07/07 14:49:50] [ERROR] Host or port is empty
[2017/07/07 14:49:50] [ERROR] Host is not string or port is not numeric
[2017/07/07 14:49:50] [ERROR] Host is not string or port is not numeric
[2017/07/07 14:49:50] [ERROR] Port given does not exists in the common port list
[2017/07/07 14:49:50] [ERROR] Check the connectivity of host and port.
[2017/07/07 14:49:50] [ERROR] Username or password is empty.
[2017/07/07 14:49:50] [ERROR] Check the connectivity of host and port.
[2017/07/07 14:49:50] [ERROR] Check the connectivity of host and port.
[2017/07/07 14:49:50] [ERROR] Check the connectivity of host and port.
[2017/07/07 14:49:50] [ERROR] Check the connectivity of host and port.
[2017/07/07 14:50:15] [ERROR] Email params are empty.
[2017/07/07 14:50:15] [ERROR] To and cc recipient are empty.
[2017/07/07 14:50:15] [ERROR] No from.
[2017/07/07 14:50:15] [ERROR] To recipient is not array or string.
[2017/07/07 14:50:15] [ERROR] Cc recipient is not array or string.
[2017/07/07 14:50:15] [ERROR] Bcc recipient is not array or string.
[2017/07/07 14:50:15] [ERROR] To recipient is not array or string.
[2017/07/07 14:50:15] [ERROR] Cc recipient is not array or string.
[2017/07/07 14:50:15] [ERROR] Bcc recipient is not array or string.
[2017/07/07 14:50:15] [ERROR] Host or port is empty
[2017/07/07 14:50:15] [ERROR] Host or port is empty
[2017/07/07 14:50:15] [ERROR] Host is not string or port is not numeric
[2017/07/07 14:50:15] [ERROR] Host is not string or port is not numeric
[2017/07/07 14:50:15] [ERROR] Port given does not exists in the common port list
[2017/07/07 14:50:15] [ERROR] Check the connectivity of host and port.
[2017/07/07 14:50:15] [ERROR] Username or password is empty.
[2017/07/07 14:50:15] [ERROR] Check the connectivity of host and port.
[2017/07/07 14:50:15] [ERROR] Check the connectivity of host and port.
[2017/07/07 14:50:15] [ERROR] Check the connectivity of host and port.
[2017/07/07 14:50:15] [ERROR] Check the connectivity of host and port.
